[2025/05/08 19:59:25]: §9          __             _       
[2025/05/08 19:59:25]: §9  _ __   / /  ___   __ _(_)_ __  
[2025/05/08 19:59:25]: §9 | '_ \ / /  / _ \ / _` | | '_ \ 
[2025/05/08 19:59:25]: §9 | | | / /__| (_) | (_| | | | | |
[2025/05/08 19:59:25]: §9 |_| |_\____/\___/ \__, |_|_| |_|
[2025/05/08 19:59:25]: §9                  |___/            
[2025/05/08 19:59:25]: §9 By: www.nickuc.com - V 10.4.23 DEVELOPMENT
[2025/05/08 19:59:25]: §9 
[2025/05/08 19:59:25]: §3[nLogin] [DEBUG] All settings were loaded in 66 ms.
[2025/05/08 19:59:25]: §3[nLogin] [DEBUG] Loading the messages_en.yml message file...
[2025/05/08 19:59:25]: §3[nLogin] [DEBUG] All plugin messages were loaded in 33 ms (languageByClient=false).
[2025/05/08 19:59:25]: §3[nLogin] [DEBUG] All proxy settings were loaded in 1 ms.
[2025/05/08 19:59:25]: §3[nLogin] [DEBUG] Loading database...
[2025/05/08 19:59:26]: §3[nLogin] [DEBUG] Starting logger filter...
[2025/05/08 19:59:33]: §e[nLogin] [WARN] Could not find connection cache for user pyret8duk in PlayerLoginEvent event (connection was changed?)
[2025/05/08 19:59:38]: §3[nLogin] [DEBUG] [SQLite] [UPDATE]: "UPDATE `nlogin` SET `last_name` = 'svelnxx', `unique_id` = 4b3aaadf1c7130f79f86b1a342a8db24,  `mojang_id` = null,  `bedrock_id` = null,  `password` = '$2a$10$L9ghKAy.j9DEEc7UH2auQeiS3no4OLSJ7VgghREqP5FWoXRB/lrHi', `last_ip` = '127.217.179.14', `creation_date` = 2025-05-06 23:20:23.522, `last_seen` = 2025-05-08 19:59:38.4, `email` = null, `discord` = null, `settings` = '{"settings":[{"value":"en","key":"language"}],"version":0}' WHERE `ai` = 1" (applied to [last_ip, last_seen, settings] columns)
[2025/05/08 19:59:38]: [nLogin] The user svelnxx has successfully logged in.
[2025/05/08 20:00:07]: §3[nLogin] [DEBUG] [SQLite] [UPDATE]: "INSERT INTO `nlogin` (`last_name`, `unique_id`, `mojang_id`, `bedrock_id`, `password`, `last_ip`, `creation_date`, `last_seen`, `email`, `discord`, `settings`) VALUES ('pyret8duk', 26d02e37b78e3547821ad05853e732ef, null, null, '$2a$10$a9Os1sEcUhm25i2ZOwRvzOR9vaNuMr5.Aq/in2P0JBeubtGHxj8S.', '127.232.140.29', '2025-05-08 20:00:07.566', '2025-05-08 20:00:07.566', null, null, '{"settings":[{"value":true,"key":"force-invalid-session"}],"version":0}')" (applied to all columns)
[2025/05/08 20:00:07]: [nLogin] The user pyret8duk has successfully registered.
[2025/05/08 20:02:26]: [nLogin] Successful plugin core shutdown (took 0.00s)
