[2025/05/06 23:19:37]: §9          __             _       
[2025/05/06 23:19:37]: §9  _ __   / /  ___   __ _(_)_ __  
[2025/05/06 23:19:37]: §9 | '_ \ / /  / _ \ / _` | | '_ \ 
[2025/05/06 23:19:37]: §9 | | | / /__| (_) | (_| | | | | |
[2025/05/06 23:19:37]: §9 |_| |_\____/\___/ \__, |_|_| |_|
[2025/05/06 23:19:37]: §9                  |___/            
[2025/05/06 23:19:37]: §9 By: www.nickuc.com - V 10.4.23 DEVELOPMENT
[2025/05/06 23:19:37]: §9 
[2025/05/06 23:19:37]: §3[nLogin] [DEBUG] All settings were loaded in 99 ms.
[2025/05/06 23:19:37]: §3[nLogin] [DEBUG] Loading the messages_en.yml message file...
[2025/05/06 23:19:37]: §3[nLogin] [DEBUG] All plugin messages were loaded in 50 ms (languageByClient=false).
[2025/05/06 23:19:37]: §3[nLogin] [DEBUG] All proxy settings were loaded in 1 ms.
[2025/05/06 23:19:37]: §3[nLogin] [DEBUG] Loading database...
[2025/05/06 23:19:38]: §3[nLogin] [DEBUG] Starting logger filter...
[2025/05/06 23:19:48]: 
[2025/05/06 23:19:48]:  §bThank you so much for choosing nLogin! §4<3
[2025/05/06 23:19:48]: 
[2025/05/06 23:19:48]:  §4For your safety, please read the message below:
[2025/05/06 23:19:48]:   §cNever download nLogin from unknown sources.
[2025/05/06 23:19:48]:   §cA modified version may contain malicious software.
[2025/05/06 23:19:48]: 
[2025/05/06 23:19:48]:  §3Trusted sources:
[2025/05/06 23:19:48]:   §bwww.nickuc.com
[2025/05/06 23:19:48]:   §bwww.github.com/nickuc
[2025/05/06 23:19:48]:   §bOpeNLogin installer (from Spigot or GitHub)
[2025/05/06 23:19:48]: 
[2025/05/06 23:19:48]:  §3Official support channels:
[2025/05/06 23:19:48]:   §bDiscord group: §fwww.nickuc.com/discord
[2025/05/06 23:19:48]:   §bDocumentation: §fdocs.nickuc.com/nlogin/
[2025/05/06 23:19:48]:   §bEmail: §fsupport@nickuc.com
[2025/05/06 23:19:48]:   §bYouTube: §fyoutube.com/nickuc
[2025/05/06 23:19:48]: 
[2025/05/06 23:19:48]:  §eTo remove this warning, log in with "nlogin.admin" permission on the server
[2025/05/06 23:19:48]:  §eand click the "Setup plugin" button to configure your plugin.
[2025/05/06 23:19:48]: 
[2025/05/06 23:20:23]: §3[nLogin] [DEBUG] [SQLite] [UPDATE]: "INSERT INTO `nlogin` (`last_name`, `unique_id`, `mojang_id`, `bedrock_id`, `password`, `last_ip`, `creation_date`, `last_seen`, `email`, `discord`, `settings`) VALUES ('svelnxx', 4b3aaadf1c7130f79f86b1a342a8db24, null, null, '$2a$10$L9ghKAy.j9DEEc7UH2auQeiS3no4OLSJ7VgghREqP5FWoXRB/lrHi', '127.217.179.14', '2025-05-06 23:20:23.522', '2025-05-06 23:20:23.522', null, null, '{"settings":[{"value":true,"key":"force-invalid-session"}],"version":0}')" (applied to all columns)
[2025/05/06 23:20:23]: §3[nLogin] [DEBUG] Loading the messages_es.yml message file...
[2025/05/06 23:20:23]: [nLogin] The user svelnxx has successfully registered.
[2025/05/06 23:27:54]: [nLogin] Successful plugin core shutdown (took 0.00s)
