[2025/05/06 23:13:19]: §9          __             _       
[2025/05/06 23:13:19]: §9  _ __   / /  ___   __ _(_)_ __  
[2025/05/06 23:13:19]: §9 | '_ \ / /  / _ \ / _` | | '_ \ 
[2025/05/06 23:13:19]: §9 | | | / /__| (_) | (_| | | | | |
[2025/05/06 23:13:19]: §9 |_| |_\____/\___/ \__, |_|_| |_|
[2025/05/06 23:13:19]: §9                  |___/            
[2025/05/06 23:13:19]: §9 By: www.nickuc.com - V 10.4.23 DEVELOPMENT
[2025/05/06 23:13:19]: §9 
[2025/05/06 23:13:19]: §3[nLogin] [DEBUG] The config.yml file was created successfully.
[2025/05/06 23:13:21]: §3[nLogin] [DEBUG] All settings were loaded in 2365 ms.
[2025/05/06 23:13:21]: §3[nLogin] [DEBUG] Loading the messages_en.yml message file...
[2025/05/06 23:13:21]: §3[nLogin] [DEBUG] All plugin messages were loaded in 54 ms (languageByClient=false).
[2025/05/06 23:13:21]: §3[nLogin] [DEBUG] All proxy settings were loaded in 1 ms.
[2025/05/06 23:13:21]: §3[nLogin] [DEBUG] Loading database...
[2025/05/06 23:13:21]: [nLogin] Generating RSA keypair... (this may take a while)
[2025/05/06 23:13:22]: [nLogin] The RSA key pair was successfully generated. Took 0.89s
[2025/05/06 23:13:23]: §3[nLogin] [DEBUG] Starting logger filter...
[2025/05/06 23:13:23]: [nLogin] Downloading ProtocolLib...
[2025/05/06 23:13:23]: [nLogin] *-----------------------------------------------*
[2025/05/06 23:13:23]: [nLogin]   ProtocolLib has been successfully downloaded.
[2025/05/06 23:13:23]: [nLogin]   Restarting server to apply changes...
[2025/05/06 23:13:23]: [nLogin] *-----------------------------------------------*
[2025/05/06 23:13:34]: [nLogin] Successful plugin core shutdown (took 0.00s)
