[2025/05/08 20:20:07]: §9          __             _       
[2025/05/08 20:20:07]: §9  _ __   / /  ___   __ _(_)_ __  
[2025/05/08 20:20:07]: §9 | '_ \ / /  / _ \ / _` | | '_ \ 
[2025/05/08 20:20:07]: §9 | | | / /__| (_) | (_| | | | | |
[2025/05/08 20:20:07]: §9 |_| |_\____/\___/ \__, |_|_| |_|
[2025/05/08 20:20:07]: §9                  |___/            
[2025/05/08 20:20:07]: §9 By: www.nickuc.com - V 10.4.23 DEVELOPMENT
[2025/05/08 20:20:07]: §9 
[2025/05/08 20:20:07]: §3[nLogin] [DEBUG] All settings were loaded in 71 ms.
[2025/05/08 20:20:07]: §3[nLogin] [DEBUG] Loading the messages_en.yml message file...
[2025/05/08 20:20:07]: §3[nLogin] [DEBUG] All plugin messages were loaded in 34 ms (languageByClient=false).
[2025/05/08 20:20:07]: §3[nLogin] [DEBUG] All proxy settings were loaded in 1 ms.
[2025/05/08 20:20:07]: §3[nLogin] [DEBUG] Loading database...
[2025/05/08 20:20:08]: §3[nLogin] [DEBUG] Starting logger filter...
[2025/05/08 20:20:14]: §e[nLogin] [WARN] Could not find connection cache for user svelnxx in PlayerLoginEvent event (connection was changed?)
[2025/05/08 20:20:33]: §3[nLogin] [DEBUG] [SQLite] [UPDATE]: "UPDATE `nlogin` SET `last_name` = 'svelnxx', `unique_id` = 4b3aaadf1c7130f79f86b1a342a8db24,  `mojang_id` = null,  `bedrock_id` = null,  `password` = '$2a$10$L9ghKAy.j9DEEc7UH2auQeiS3no4OLSJ7VgghREqP5FWoXRB/lrHi', `last_ip` = '127.217.179.14', `creation_date` = 2025-05-06 23:20:23.522, `last_seen` = 2025-05-08 20:20:33.676, `email` = null, `discord` = null, `settings` = '{"settings":[{"value":"en","key":"language"}],"version":0}' WHERE `ai` = 1" (applied to [last_ip, last_seen, settings] columns)
[2025/05/08 20:20:33]: [nLogin] The user svelnxx has successfully logged in.
[2025/05/08 20:21:36]: §3[nLogin] [DEBUG] [SQLite] [UPDATE]: "UPDATE `nlogin` SET `last_name` = 'pyret8duk', `unique_id` = 26d02e37b78e3547821ad05853e732ef,  `mojang_id` = null,  `bedrock_id` = null,  `password` = '$2a$10$a9Os1sEcUhm25i2ZOwRvzOR9vaNuMr5.Aq/in2P0JBeubtGHxj8S.', `last_ip` = '127.232.140.29', `creation_date` = 2025-05-08 20:00:07.566, `last_seen` = 2025-05-08 20:21:36.502, `email` = null, `discord` = null, `settings` = '{"settings":[{"value":"en","key":"language"}],"version":0}' WHERE `ai` = 3" (applied to [last_ip, last_seen, settings] columns)
[2025/05/08 20:21:36]: [nLogin] The user pyret8duk has successfully logged in.
[2025/05/08 20:41:31]: §3[nLogin] [DEBUG] [SQLite] [UPDATE]: "UPDATE `nlogin` SET `last_name` = 'pyret8duk', `unique_id` = 26d02e37b78e3547821ad05853e732ef,  `mojang_id` = null,  `bedrock_id` = null,  `password` = '$2a$10$a9Os1sEcUhm25i2ZOwRvzOR9vaNuMr5.Aq/in2P0JBeubtGHxj8S.', `last_ip` = '127.232.140.29', `creation_date` = 2025-05-08 20:00:07.566, `last_seen` = 2025-05-08 20:41:31.025, `email` = null, `discord` = null, `settings` = '{"settings":[{"value":"en","key":"language"}],"version":0}' WHERE `ai` = 3" (applied to [last_seen, settings] columns)
