25-05-07 01:58:11 [INFO] Logger started.
25-05-07 01:58:11 [INFO] Logging system initialized.
25-05-07 01:58:11 [INFO] Detected Minecraft version: 1.21.3
25-05-07 01:58:17 [WARNING] Running in Bukkit-API-only mode (1.21.3-63-4190ee7 (MC: 1.21.3)). If this is not intended, please check for updates and consider to request support.
25-05-07 01:58:17 [WARNING]  Check for updates and support at BukkitDev: https://dev.bukkit.org/server-mods/nocheatplus/
25-05-07 01:58:17 [WARNING]  Development builds (unsupported by the Bukkit Staff, use at your own risk): https://ci.md-5.net/job/NoCheatPlus/changes
25-05-07 01:58:17 [WARNING] Bukkit-API-only mode: Some features will likely not function properly, performance might suffer.
25-05-07 01:58:17 [INFO] McAccess set to: 1.4.6-1.11.2|? / Bukkit-API
25-05-07 01:58:17 [INFO] Added block-info for Minecraft 1.5 blocks.
25-05-07 01:58:17 [INFO] Added block-info for Minecraft 1.6.1 blocks.
25-05-07 01:58:17 [INFO] Added block-info for Minecraft 1.7.2 blocks.
25-05-07 01:58:17 [INFO] Added block-info for Minecraft 1.8 blocks.
25-05-07 01:58:17 [INFO] Added block-info for Minecraft 1.9 blocks.
25-05-07 01:58:17 [INFO] Added block-info for Minecraft 1.10 blocks.
25-05-07 01:58:17 [INFO] Added block-info for Minecraft 1.11 blocks.
25-05-07 01:58:17 [INFO] Added block-info for Minecraft 1.12 blocks.
25-05-07 01:58:17 [INFO] Update block-info: WATER_LILY block shape patch for multi client protocol support around 1.7.x - 1.11.x.
25-05-07 01:58:17 [INFO] Inventory checks: FastConsume is available, disabled InstantEat.
25-05-07 01:58:17 [WARNING] Packet level access via ProtocolLib not available, supported configurations:  | ProtocolLib 4.3.0 or later for Minecraft 1.12.x | ProtocolLib 4.2.0 or later for Minecraft 1.11.x | ProtocolLib 4.1 or later for Minecraft 1.8.x to 1.10.x | ProtocolLib 3.7.0 for Minecraft 1.7.x and earlier | ProtocolLib 3.6.6 for PaperSpigot 1.8.x
25-05-07 01:58:17 [INFO] Force disable FastHeal on Minecraft 1.9 and later.
25-05-07 01:58:17 [INFO] Version 3.16.0-RC-sMD5NET-b1134 is enabled.
25-05-07 01:58:17 [INFO] [GenericInstanceRegistry] Registered for itself: fr.neatmonster.nocheatplus.stats.Counters
25-05-07 01:58:17 [INFO] [GenericInstanceRegistry] Registered for itself: fr.neatmonster.nocheatplus.checks.workaround.WRPT
25-05-07 01:58:17 [INFO] [GenericInstanceRegistry] Registered for itself: fr.neatmonster.nocheatplus.checks.moving.location.tracking.LocationTrace$TraceEntryPool
25-05-07 01:58:17 [INFO] [GenericInstanceRegistry] Registered for itself: fr.neatmonster.nocheatplus.utilities.entity.PassengerUtil
25-05-07 01:58:17 [INFO] [GenericInstanceRegistry] Registered for itself: java.util.Random
25-05-07 01:58:17 [INFO] [GenericInstanceRegistry] Registered for fr.neatmonster.nocheatplus.compat.IBridgeCrossPlugin: fr.neatmonster.nocheatplus.compat.meta.BridgeCrossPlugin
25-05-07 01:58:17 [INFO] [GenericInstanceRegistry] Registered for fr.neatmonster.nocheatplus.compat.MCAccess: fr.neatmonster.nocheatplus.compat.bukkit.MCAccessBukkit
25-05-07 01:58:17 [INFO] [GenericInstanceRegistry] Registered for fr.neatmonster.nocheatplus.utilities.map.BlockCache: fr.neatmonster.nocheatplus.compat.bukkit.BlockCacheBukkit
25-05-07 01:58:17 [INFO] [GenericInstanceRegistry] Registered for fr.neatmonster.nocheatplus.components.modifier.IAttributeAccess: fr.neatmonster.nocheatplus.compat.bukkit.BukkitAttributeAccess
25-05-07 01:58:17 [INFO] Could not register an instance for: fr.neatmonster.nocheatplus.components.entity.IEntityAccessLastPositionAndLook
25-05-07 01:58:17 [INFO] [GenericInstanceRegistry] Registered for fr.neatmonster.nocheatplus.components.entity.IEntityAccessVehicle: fr.neatmonster.nocheatplus.compat.bukkit.EntityAccessVehicleMultiPassenger
25-05-07 01:58:17 [INFO] [GenericInstanceRegistry] Registered for itself: fr.neatmonster.nocheatplus.checks.moving.util.AuxMoving
25-05-07 01:58:17 [INFO] Added hook: AllViolations(NCP) [1.0].
25-05-07 01:58:17 [WARNING] The block breaking data is incomplete, default to allow instant breaking:
--- Missing entries -------------------------------
* MISSING (WHEAT) 
* MISSING (SIGN / SOLID+GROUND) 
* MISSING (WOOD_DOOR / SOLID+GROUND) 
* MISSING (IRON_DOOR / SOLID+GROUND) 
* MISSING (SUGAR_CANE) 
* MISSING (CAKE / SOLID+GROUND) 
* MISSING (BED / SOLID+GROUND) 
* MISSING (DIODE) 
* MISSING (NETHER_STALK) 
* MISSING (BREWING_STAND_ITEM / SOLID+GROUND) 
* MISSING (CAULDRON_ITEM / SOLID+GROUND) 
* MISSING (FLOWER_POT_ITEM) 
* MISSING (SKULL_ITEM) 
* MISSING (REDSTONE_COMPARATOR) 
* MISSING (BANNER / SOLID+GROUND) 
* MISSING (SPRUCE_DOOR_ITEM / SOLID+GROUND) 
* MISSING (BIRCH_DOOR_ITEM / SOLID+GROUND) 
* MISSING (JUNGLE_DOOR_ITEM / SOLID+GROUND) 
* MISSING (ACACIA_DOOR_ITEM / SOLID+GROUND) 
* MISSING (DARK_OAK_DOOR_ITEM / SOLID+GROUND) 
25-05-07 01:58:17 [INFO] Post-enable running...
25-05-07 01:58:17 [INFO] Post-enable finished.
25-05-07 01:58:17 [INFO] ---- Version information ----
#### Server ####
1.21.3-63-4190ee7 ~MC: 1.21.3~
  detected: 1.21.3
#### NoCheatPlus ####
Plugin: 3.16.0-RC-sMD5NET-b1134
MCAccess: 1.4.6-1.11.2|? / Bukkit-API
Features:
  blocks: BlocksMC1_4 | BlocksMC1_5 | BlocksMC1_6_1 | BlocksMC1_7_2 | BlocksMC1_8 | BlocksMC1_9 | BlocksMC1_10 | BlocksMC1_11 | BlocksMC1_12
  checks: FastConsume | Gutenberg | HotFixFallingBlockPortalEnter
  defaults: pvpKnockBackVelocity
Hooks: AllViolations~NCP~ 1.0
#### Related Plugins ####
ProtocolLib v5.4.0-SNAPSHOT-742 | ViaVersion v5.3.2
25-05-07 13:47:08 [INFO] Logger started.
25-05-07 13:47:08 [INFO] Logging system initialized.
25-05-07 13:47:08 [INFO] Detected Minecraft version: 1.21.3
25-05-07 13:47:25 [WARNING] Running in Bukkit-API-only mode (1.21.3-63-4190ee7 (MC: 1.21.3)). If this is not intended, please check for updates and consider to request support.
25-05-07 13:47:25 [WARNING]  Check for updates and support at BukkitDev: https://dev.bukkit.org/server-mods/nocheatplus/
25-05-07 13:47:25 [WARNING]  Development builds (unsupported by the Bukkit Staff, use at your own risk): https://ci.md-5.net/job/NoCheatPlus/changes
25-05-07 13:47:25 [WARNING] Bukkit-API-only mode: Some features will likely not function properly, performance might suffer.
25-05-07 13:47:26 [INFO] McAccess set to: 1.4.6-1.11.2|? / Bukkit-API
25-05-07 13:47:26 [INFO] Added block-info for Minecraft 1.5 blocks.
25-05-07 13:47:26 [INFO] Added block-info for Minecraft 1.6.1 blocks.
25-05-07 13:47:26 [INFO] Added block-info for Minecraft 1.7.2 blocks.
25-05-07 13:47:26 [INFO] Added block-info for Minecraft 1.8 blocks.
25-05-07 13:47:26 [INFO] Added block-info for Minecraft 1.9 blocks.
25-05-07 13:47:26 [INFO] Added block-info for Minecraft 1.10 blocks.
25-05-07 13:47:26 [INFO] Added block-info for Minecraft 1.11 blocks.
25-05-07 13:47:26 [INFO] Added block-info for Minecraft 1.12 blocks.
25-05-07 13:47:26 [INFO] Update block-info: WATER_LILY block shape patch for multi client protocol support around 1.7.x - 1.11.x.
25-05-07 13:47:26 [INFO] Inventory checks: FastConsume is available, disabled InstantEat.
25-05-07 13:47:26 [WARNING] Packet level access via ProtocolLib not available, supported configurations:  | ProtocolLib 4.3.0 or later for Minecraft 1.12.x | ProtocolLib 4.2.0 or later for Minecraft 1.11.x | ProtocolLib 4.1 or later for Minecraft 1.8.x to 1.10.x | ProtocolLib 3.7.0 for Minecraft 1.7.x and earlier | ProtocolLib 3.6.6 for PaperSpigot 1.8.x
25-05-07 13:47:26 [INFO] Force disable FastHeal on Minecraft 1.9 and later.
25-05-07 13:47:26 [INFO] Version 3.16.0-RC-sMD5NET-b1134 is enabled.
25-05-07 13:47:27 [INFO] [GenericInstanceRegistry] Registered for itself: fr.neatmonster.nocheatplus.stats.Counters
25-05-07 13:47:27 [INFO] [GenericInstanceRegistry] Registered for itself: fr.neatmonster.nocheatplus.checks.workaround.WRPT
25-05-07 13:47:27 [INFO] [GenericInstanceRegistry] Registered for itself: fr.neatmonster.nocheatplus.checks.moving.location.tracking.LocationTrace$TraceEntryPool
25-05-07 13:47:27 [INFO] [GenericInstanceRegistry] Registered for itself: fr.neatmonster.nocheatplus.utilities.entity.PassengerUtil
25-05-07 13:47:27 [INFO] [GenericInstanceRegistry] Registered for itself: java.util.Random
25-05-07 13:47:27 [INFO] [GenericInstanceRegistry] Registered for fr.neatmonster.nocheatplus.compat.IBridgeCrossPlugin: fr.neatmonster.nocheatplus.compat.meta.BridgeCrossPlugin
25-05-07 13:47:27 [INFO] [GenericInstanceRegistry] Registered for fr.neatmonster.nocheatplus.compat.MCAccess: fr.neatmonster.nocheatplus.compat.bukkit.MCAccessBukkit
25-05-07 13:47:27 [INFO] [GenericInstanceRegistry] Registered for fr.neatmonster.nocheatplus.utilities.map.BlockCache: fr.neatmonster.nocheatplus.compat.bukkit.BlockCacheBukkit
25-05-07 13:47:27 [INFO] [GenericInstanceRegistry] Registered for fr.neatmonster.nocheatplus.components.modifier.IAttributeAccess: fr.neatmonster.nocheatplus.compat.bukkit.BukkitAttributeAccess
25-05-07 13:47:27 [INFO] Could not register an instance for: fr.neatmonster.nocheatplus.components.entity.IEntityAccessLastPositionAndLook
25-05-07 13:47:27 [INFO] [GenericInstanceRegistry] Registered for fr.neatmonster.nocheatplus.components.entity.IEntityAccessVehicle: fr.neatmonster.nocheatplus.compat.bukkit.EntityAccessVehicleMultiPassenger
25-05-07 13:47:27 [INFO] [GenericInstanceRegistry] Registered for itself: fr.neatmonster.nocheatplus.checks.moving.util.AuxMoving
25-05-07 13:47:27 [INFO] Added hook: AllViolations(NCP) [1.0].
25-05-07 13:47:27 [WARNING] The block breaking data is incomplete, default to allow instant breaking:
--- Missing entries -------------------------------
* MISSING (WHEAT) 
* MISSING (SIGN / SOLID+GROUND) 
* MISSING (WOOD_DOOR / SOLID+GROUND) 
* MISSING (IRON_DOOR / SOLID+GROUND) 
* MISSING (SUGAR_CANE) 
* MISSING (CAKE / SOLID+GROUND) 
* MISSING (BED / SOLID+GROUND) 
* MISSING (DIODE) 
* MISSING (NETHER_STALK) 
* MISSING (BREWING_STAND_ITEM / SOLID+GROUND) 
* MISSING (CAULDRON_ITEM / SOLID+GROUND) 
* MISSING (FLOWER_POT_ITEM) 
* MISSING (SKULL_ITEM) 
* MISSING (REDSTONE_COMPARATOR) 
* MISSING (BANNER / SOLID+GROUND) 
* MISSING (SPRUCE_DOOR_ITEM / SOLID+GROUND) 
* MISSING (BIRCH_DOOR_ITEM / SOLID+GROUND) 
* MISSING (JUNGLE_DOOR_ITEM / SOLID+GROUND) 
* MISSING (ACACIA_DOOR_ITEM / SOLID+GROUND) 
* MISSING (DARK_OAK_DOOR_ITEM / SOLID+GROUND) 
25-05-07 13:47:27 [INFO] Post-enable running...
25-05-07 13:47:27 [INFO] Post-enable finished.
25-05-07 13:47:27 [INFO] ---- Version information ----
#### Server ####
1.21.3-63-4190ee7 ~MC: 1.21.3~
  detected: 1.21.3
#### NoCheatPlus ####
Plugin: 3.16.0-RC-sMD5NET-b1134
MCAccess: 1.4.6-1.11.2|? / Bukkit-API
Features:
  blocks: BlocksMC1_4 | BlocksMC1_5 | BlocksMC1_6_1 | BlocksMC1_7_2 | BlocksMC1_8 | BlocksMC1_9 | BlocksMC1_10 | BlocksMC1_11 | BlocksMC1_12
  checks: FastConsume | Gutenberg | HotFixFallingBlockPortalEnter
  defaults: pvpKnockBackVelocity
Hooks: AllViolations~NCP~ 1.0
#### Related Plugins ####
ProtocolLib v5.4.0-SNAPSHOT-742 | ViaVersion v5.3.2
25-05-07 20:52:10 [INFO] Logger started.
25-05-07 20:52:10 [INFO] Logging system initialized.
25-05-07 20:52:10 [INFO] Detected Minecraft version: 1.21.3
25-05-07 20:52:27 [WARNING] Running in Bukkit-API-only mode (1.21.3-63-4190ee7 (MC: 1.21.3)). If this is not intended, please check for updates and consider to request support.
25-05-07 20:52:27 [WARNING]  Check for updates and support at BukkitDev: https://dev.bukkit.org/server-mods/nocheatplus/
25-05-07 20:52:27 [WARNING]  Development builds (unsupported by the Bukkit Staff, use at your own risk): https://ci.md-5.net/job/NoCheatPlus/changes
25-05-07 20:52:27 [WARNING] Bukkit-API-only mode: Some features will likely not function properly, performance might suffer.
25-05-07 20:52:27 [INFO] McAccess set to: 1.4.6-1.11.2|? / Bukkit-API
25-05-07 20:52:28 [INFO] Added block-info for Minecraft 1.5 blocks.
25-05-07 20:52:28 [INFO] Added block-info for Minecraft 1.6.1 blocks.
25-05-07 20:52:28 [INFO] Added block-info for Minecraft 1.7.2 blocks.
25-05-07 20:52:28 [INFO] Added block-info for Minecraft 1.8 blocks.
25-05-07 20:52:28 [INFO] Added block-info for Minecraft 1.9 blocks.
25-05-07 20:52:28 [INFO] Added block-info for Minecraft 1.10 blocks.
25-05-07 20:52:28 [INFO] Added block-info for Minecraft 1.11 blocks.
25-05-07 20:52:28 [INFO] Added block-info for Minecraft 1.12 blocks.
25-05-07 20:52:28 [INFO] Update block-info: WATER_LILY block shape patch for multi client protocol support around 1.7.x - 1.11.x.
25-05-07 20:52:28 [INFO] Inventory checks: FastConsume is available, disabled InstantEat.
25-05-07 20:52:28 [WARNING] Packet level access via ProtocolLib not available, supported configurations:  | ProtocolLib 4.3.0 or later for Minecraft 1.12.x | ProtocolLib 4.2.0 or later for Minecraft 1.11.x | ProtocolLib 4.1 or later for Minecraft 1.8.x to 1.10.x | ProtocolLib 3.7.0 for Minecraft 1.7.x and earlier | ProtocolLib 3.6.6 for PaperSpigot 1.8.x
25-05-07 20:52:28 [INFO] Force disable FastHeal on Minecraft 1.9 and later.
25-05-07 20:52:28 [INFO] Version 3.16.0-RC-sMD5NET-b1134 is enabled.
25-05-07 20:52:30 [INFO] [GenericInstanceRegistry] Registered for itself: fr.neatmonster.nocheatplus.stats.Counters
25-05-07 20:52:30 [INFO] [GenericInstanceRegistry] Registered for itself: fr.neatmonster.nocheatplus.checks.workaround.WRPT
25-05-07 20:52:30 [INFO] [GenericInstanceRegistry] Registered for itself: fr.neatmonster.nocheatplus.checks.moving.location.tracking.LocationTrace$TraceEntryPool
25-05-07 20:52:30 [INFO] [GenericInstanceRegistry] Registered for itself: fr.neatmonster.nocheatplus.utilities.entity.PassengerUtil
25-05-07 20:52:30 [INFO] [GenericInstanceRegistry] Registered for itself: java.util.Random
25-05-07 20:52:30 [INFO] [GenericInstanceRegistry] Registered for fr.neatmonster.nocheatplus.compat.IBridgeCrossPlugin: fr.neatmonster.nocheatplus.compat.meta.BridgeCrossPlugin
25-05-07 20:52:30 [INFO] [GenericInstanceRegistry] Registered for fr.neatmonster.nocheatplus.compat.MCAccess: fr.neatmonster.nocheatplus.compat.bukkit.MCAccessBukkit
25-05-07 20:52:30 [INFO] [GenericInstanceRegistry] Registered for fr.neatmonster.nocheatplus.utilities.map.BlockCache: fr.neatmonster.nocheatplus.compat.bukkit.BlockCacheBukkit
25-05-07 20:52:30 [INFO] [GenericInstanceRegistry] Registered for fr.neatmonster.nocheatplus.components.modifier.IAttributeAccess: fr.neatmonster.nocheatplus.compat.bukkit.BukkitAttributeAccess
25-05-07 20:52:30 [INFO] Could not register an instance for: fr.neatmonster.nocheatplus.components.entity.IEntityAccessLastPositionAndLook
25-05-07 20:52:30 [INFO] [GenericInstanceRegistry] Registered for fr.neatmonster.nocheatplus.components.entity.IEntityAccessVehicle: fr.neatmonster.nocheatplus.compat.bukkit.EntityAccessVehicleMultiPassenger
25-05-07 20:52:30 [INFO] [GenericInstanceRegistry] Registered for itself: fr.neatmonster.nocheatplus.checks.moving.util.AuxMoving
25-05-07 20:52:30 [INFO] Added hook: AllViolations(NCP) [1.0].
25-05-07 20:52:30 [WARNING] The block breaking data is incomplete, default to allow instant breaking:
--- Missing entries -------------------------------
* MISSING (WHEAT) 
* MISSING (SIGN / SOLID+GROUND) 
* MISSING (WOOD_DOOR / SOLID+GROUND) 
* MISSING (IRON_DOOR / SOLID+GROUND) 
* MISSING (SUGAR_CANE) 
* MISSING (CAKE / SOLID+GROUND) 
* MISSING (BED / SOLID+GROUND) 
* MISSING (DIODE) 
* MISSING (NETHER_STALK) 
* MISSING (BREWING_STAND_ITEM / SOLID+GROUND) 
* MISSING (CAULDRON_ITEM / SOLID+GROUND) 
* MISSING (FLOWER_POT_ITEM) 
* MISSING (SKULL_ITEM) 
* MISSING (REDSTONE_COMPARATOR) 
* MISSING (BANNER / SOLID+GROUND) 
* MISSING (SPRUCE_DOOR_ITEM / SOLID+GROUND) 
* MISSING (BIRCH_DOOR_ITEM / SOLID+GROUND) 
* MISSING (JUNGLE_DOOR_ITEM / SOLID+GROUND) 
* MISSING (ACACIA_DOOR_ITEM / SOLID+GROUND) 
* MISSING (DARK_OAK_DOOR_ITEM / SOLID+GROUND) 
25-05-07 20:52:30 [INFO] Post-enable running...
25-05-07 20:52:30 [INFO] Post-enable finished.
25-05-07 20:52:30 [INFO] ---- Version information ----
#### Server ####
1.21.3-63-4190ee7 ~MC: 1.21.3~
  detected: 1.21.3
#### NoCheatPlus ####
Plugin: 3.16.0-RC-sMD5NET-b1134
MCAccess: 1.4.6-1.11.2|? / Bukkit-API
Features:
  blocks: BlocksMC1_4 | BlocksMC1_5 | BlocksMC1_6_1 | BlocksMC1_7_2 | BlocksMC1_8 | BlocksMC1_9 | BlocksMC1_10 | BlocksMC1_11 | BlocksMC1_12
  checks: FastConsume | Gutenberg | HotFixFallingBlockPortalEnter
  defaults: pvpKnockBackVelocity
Hooks: AllViolations~NCP~ 1.0
#### Related Plugins ####
ProtocolLib v5.4.0-SNAPSHOT-742 | ViaVersion v5.3.2
25-05-07 21:08:31 [INFO] Removed hook: AllViolations(NCP) [1.0].
25-05-07 21:08:31 [FINE] | cancel.dead 0 | cancel.offline 0 | block.interact.look.current 75 (75/0) | block.interact.look.flying.first 0 | block.interact.look.flying.other 0 | illegalitem 0 | boatsanywhere 0 | throwenderpearl 0 | fakeinvulnerable 0 | eggonentity 0 | event.player.move 4439 (4439/0) |
25-05-07 21:08:31 [INFO] [GenericInstanceRegistry] Registry cleared.
25-05-07 21:09:12 [INFO] Logger started.
25-05-07 21:09:12 [INFO] Logging system initialized.
25-05-07 21:09:12 [INFO] Detected Minecraft version: 1.21.3
25-05-07 21:09:25 [WARNING] Running in Bukkit-API-only mode (1.21.3-63-4190ee7 (MC: 1.21.3)). If this is not intended, please check for updates and consider to request support.
25-05-07 21:09:25 [WARNING]  Check for updates and support at BukkitDev: https://dev.bukkit.org/server-mods/nocheatplus/
25-05-07 21:09:25 [WARNING]  Development builds (unsupported by the Bukkit Staff, use at your own risk): https://ci.md-5.net/job/NoCheatPlus/changes
25-05-07 21:09:25 [WARNING] Bukkit-API-only mode: Some features will likely not function properly, performance might suffer.
25-05-07 21:09:25 [INFO] McAccess set to: 1.4.6-1.11.2|? / Bukkit-API
25-05-07 21:09:25 [INFO] Added block-info for Minecraft 1.5 blocks.
25-05-07 21:09:25 [INFO] Added block-info for Minecraft 1.6.1 blocks.
25-05-07 21:09:25 [INFO] Added block-info for Minecraft 1.7.2 blocks.
25-05-07 21:09:25 [INFO] Added block-info for Minecraft 1.8 blocks.
25-05-07 21:09:25 [INFO] Added block-info for Minecraft 1.9 blocks.
25-05-07 21:09:25 [INFO] Added block-info for Minecraft 1.10 blocks.
25-05-07 21:09:25 [INFO] Added block-info for Minecraft 1.11 blocks.
25-05-07 21:09:25 [INFO] Added block-info for Minecraft 1.12 blocks.
25-05-07 21:09:25 [INFO] Update block-info: WATER_LILY block shape patch for multi client protocol support around 1.7.x - 1.11.x.
25-05-07 21:09:25 [INFO] Inventory checks: FastConsume is available, disabled InstantEat.
25-05-07 21:09:25 [WARNING] Packet level access via ProtocolLib not available, supported configurations:  | ProtocolLib 4.3.0 or later for Minecraft 1.12.x | ProtocolLib 4.2.0 or later for Minecraft 1.11.x | ProtocolLib 4.1 or later for Minecraft 1.8.x to 1.10.x | ProtocolLib 3.7.0 for Minecraft 1.7.x and earlier | ProtocolLib 3.6.6 for PaperSpigot 1.8.x
25-05-07 21:09:25 [INFO] Force disable FastHeal on Minecraft 1.9 and later.
25-05-07 21:09:25 [INFO] Version 3.16.0-RC-sMD5NET-b1134 is enabled.
25-05-07 21:09:26 [INFO] [GenericInstanceRegistry] Registered for itself: fr.neatmonster.nocheatplus.stats.Counters
25-05-07 21:09:26 [INFO] [GenericInstanceRegistry] Registered for itself: fr.neatmonster.nocheatplus.checks.workaround.WRPT
25-05-07 21:09:26 [INFO] [GenericInstanceRegistry] Registered for itself: fr.neatmonster.nocheatplus.checks.moving.location.tracking.LocationTrace$TraceEntryPool
25-05-07 21:09:26 [INFO] [GenericInstanceRegistry] Registered for itself: fr.neatmonster.nocheatplus.utilities.entity.PassengerUtil
25-05-07 21:09:26 [INFO] [GenericInstanceRegistry] Registered for itself: java.util.Random
25-05-07 21:09:26 [INFO] [GenericInstanceRegistry] Registered for fr.neatmonster.nocheatplus.compat.IBridgeCrossPlugin: fr.neatmonster.nocheatplus.compat.meta.BridgeCrossPlugin
25-05-07 21:09:26 [INFO] [GenericInstanceRegistry] Registered for fr.neatmonster.nocheatplus.compat.MCAccess: fr.neatmonster.nocheatplus.compat.bukkit.MCAccessBukkit
25-05-07 21:09:26 [INFO] [GenericInstanceRegistry] Registered for fr.neatmonster.nocheatplus.utilities.map.BlockCache: fr.neatmonster.nocheatplus.compat.bukkit.BlockCacheBukkit
25-05-07 21:09:26 [INFO] [GenericInstanceRegistry] Registered for fr.neatmonster.nocheatplus.components.modifier.IAttributeAccess: fr.neatmonster.nocheatplus.compat.bukkit.BukkitAttributeAccess
25-05-07 21:09:26 [INFO] Could not register an instance for: fr.neatmonster.nocheatplus.components.entity.IEntityAccessLastPositionAndLook
25-05-07 21:09:26 [INFO] [GenericInstanceRegistry] Registered for fr.neatmonster.nocheatplus.components.entity.IEntityAccessVehicle: fr.neatmonster.nocheatplus.compat.bukkit.EntityAccessVehicleMultiPassenger
25-05-07 21:09:26 [INFO] [GenericInstanceRegistry] Registered for itself: fr.neatmonster.nocheatplus.checks.moving.util.AuxMoving
25-05-07 21:09:26 [INFO] Added hook: AllViolations(NCP) [1.0].
25-05-07 21:09:26 [WARNING] The block breaking data is incomplete, default to allow instant breaking:
--- Missing entries -------------------------------
* MISSING (WHEAT) 
* MISSING (SIGN / SOLID+GROUND) 
* MISSING (WOOD_DOOR / SOLID+GROUND) 
* MISSING (IRON_DOOR / SOLID+GROUND) 
* MISSING (SUGAR_CANE) 
* MISSING (CAKE / SOLID+GROUND) 
* MISSING (BED / SOLID+GROUND) 
* MISSING (DIODE) 
* MISSING (NETHER_STALK) 
* MISSING (BREWING_STAND_ITEM / SOLID+GROUND) 
* MISSING (CAULDRON_ITEM / SOLID+GROUND) 
* MISSING (FLOWER_POT_ITEM) 
* MISSING (SKULL_ITEM) 
* MISSING (REDSTONE_COMPARATOR) 
* MISSING (BANNER / SOLID+GROUND) 
* MISSING (SPRUCE_DOOR_ITEM / SOLID+GROUND) 
* MISSING (BIRCH_DOOR_ITEM / SOLID+GROUND) 
* MISSING (JUNGLE_DOOR_ITEM / SOLID+GROUND) 
* MISSING (ACACIA_DOOR_ITEM / SOLID+GROUND) 
* MISSING (DARK_OAK_DOOR_ITEM / SOLID+GROUND) 
25-05-07 21:09:26 [INFO] Post-enable running...
25-05-07 21:09:26 [INFO] Post-enable finished.
25-05-07 21:09:26 [INFO] ---- Version information ----
#### Server ####
1.21.3-63-4190ee7 ~MC: 1.21.3~
  detected: 1.21.3
#### NoCheatPlus ####
Plugin: 3.16.0-RC-sMD5NET-b1134
MCAccess: 1.4.6-1.11.2|? / Bukkit-API
Features:
  blocks: BlocksMC1_4 | BlocksMC1_5 | BlocksMC1_6_1 | BlocksMC1_7_2 | BlocksMC1_8 | BlocksMC1_9 | BlocksMC1_10 | BlocksMC1_11 | BlocksMC1_12
  checks: FastConsume | Gutenberg | HotFixFallingBlockPortalEnter
  defaults: pvpKnockBackVelocity
Hooks: AllViolations~NCP~ 1.0
#### Related Plugins ####
ProtocolLib v5.4.0-SNAPSHOT-742 | ViaVersion v5.3.2
25-05-07 21:26:34 [INFO] Removed hook: AllViolations(NCP) [1.0].
25-05-07 21:26:34 [FINE] | cancel.dead 0 | cancel.offline 0 | block.interact.look.current 514 (514/0) | block.interact.look.flying.first 0 | block.interact.look.flying.other 0 | illegalitem 0 | boatsanywhere 0 | throwenderpearl 0 | fakeinvulnerable 0 | eggonentity 0 | event.player.move 12883 (12883/0) |
25-05-07 21:26:34 [INFO] [GenericInstanceRegistry] Registry cleared.
25-05-07 21:26:41 [INFO] Logger started.
25-05-07 21:26:41 [INFO] Logging system initialized.
25-05-07 21:26:41 [INFO] Detected Minecraft version: 1.21.3
25-05-07 21:26:50 [WARNING] Running in Bukkit-API-only mode (1.21.3-63-4190ee7 (MC: 1.21.3)). If this is not intended, please check for updates and consider to request support.
25-05-07 21:26:50 [WARNING]  Check for updates and support at BukkitDev: https://dev.bukkit.org/server-mods/nocheatplus/
25-05-07 21:26:50 [WARNING]  Development builds (unsupported by the Bukkit Staff, use at your own risk): https://ci.md-5.net/job/NoCheatPlus/changes
25-05-07 21:26:50 [WARNING] Bukkit-API-only mode: Some features will likely not function properly, performance might suffer.
25-05-07 21:26:50 [INFO] McAccess set to: 1.4.6-1.11.2|? / Bukkit-API
25-05-07 21:26:50 [INFO] Added block-info for Minecraft 1.5 blocks.
25-05-07 21:26:50 [INFO] Added block-info for Minecraft 1.6.1 blocks.
25-05-07 21:26:50 [INFO] Added block-info for Minecraft 1.7.2 blocks.
25-05-07 21:26:50 [INFO] Added block-info for Minecraft 1.8 blocks.
25-05-07 21:26:50 [INFO] Added block-info for Minecraft 1.9 blocks.
25-05-07 21:26:50 [INFO] Added block-info for Minecraft 1.10 blocks.
25-05-07 21:26:50 [INFO] Added block-info for Minecraft 1.11 blocks.
25-05-07 21:26:50 [INFO] Added block-info for Minecraft 1.12 blocks.
25-05-07 21:26:50 [INFO] Update block-info: WATER_LILY block shape patch for multi client protocol support around 1.7.x - 1.11.x.
25-05-07 21:26:50 [INFO] Inventory checks: FastConsume is available, disabled InstantEat.
25-05-07 21:26:50 [WARNING] Packet level access via ProtocolLib not available, supported configurations:  | ProtocolLib 4.3.0 or later for Minecraft 1.12.x | ProtocolLib 4.2.0 or later for Minecraft 1.11.x | ProtocolLib 4.1 or later for Minecraft 1.8.x to 1.10.x | ProtocolLib 3.7.0 for Minecraft 1.7.x and earlier | ProtocolLib 3.6.6 for PaperSpigot 1.8.x
25-05-07 21:26:50 [INFO] Force disable FastHeal on Minecraft 1.9 and later.
25-05-07 21:26:50 [INFO] Version 3.16.0-RC-sMD5NET-b1134 is enabled.
25-05-07 21:26:51 [INFO] [GenericInstanceRegistry] Registered for itself: fr.neatmonster.nocheatplus.stats.Counters
25-05-07 21:26:51 [INFO] [GenericInstanceRegistry] Registered for itself: fr.neatmonster.nocheatplus.checks.workaround.WRPT
25-05-07 21:26:51 [INFO] [GenericInstanceRegistry] Registered for itself: fr.neatmonster.nocheatplus.checks.moving.location.tracking.LocationTrace$TraceEntryPool
25-05-07 21:26:51 [INFO] [GenericInstanceRegistry] Registered for itself: fr.neatmonster.nocheatplus.utilities.entity.PassengerUtil
25-05-07 21:26:51 [INFO] [GenericInstanceRegistry] Registered for itself: java.util.Random
25-05-07 21:26:51 [INFO] [GenericInstanceRegistry] Registered for fr.neatmonster.nocheatplus.compat.IBridgeCrossPlugin: fr.neatmonster.nocheatplus.compat.meta.BridgeCrossPlugin
25-05-07 21:26:51 [INFO] [GenericInstanceRegistry] Registered for fr.neatmonster.nocheatplus.compat.MCAccess: fr.neatmonster.nocheatplus.compat.bukkit.MCAccessBukkit
25-05-07 21:26:51 [INFO] [GenericInstanceRegistry] Registered for fr.neatmonster.nocheatplus.utilities.map.BlockCache: fr.neatmonster.nocheatplus.compat.bukkit.BlockCacheBukkit
25-05-07 21:26:51 [INFO] [GenericInstanceRegistry] Registered for fr.neatmonster.nocheatplus.components.modifier.IAttributeAccess: fr.neatmonster.nocheatplus.compat.bukkit.BukkitAttributeAccess
25-05-07 21:26:51 [INFO] Could not register an instance for: fr.neatmonster.nocheatplus.components.entity.IEntityAccessLastPositionAndLook
25-05-07 21:26:51 [INFO] [GenericInstanceRegistry] Registered for fr.neatmonster.nocheatplus.components.entity.IEntityAccessVehicle: fr.neatmonster.nocheatplus.compat.bukkit.EntityAccessVehicleMultiPassenger
25-05-07 21:26:51 [INFO] [GenericInstanceRegistry] Registered for itself: fr.neatmonster.nocheatplus.checks.moving.util.AuxMoving
25-05-07 21:26:51 [INFO] Added hook: AllViolations(NCP) [1.0].
25-05-07 21:26:51 [WARNING] The block breaking data is incomplete, default to allow instant breaking:
--- Missing entries -------------------------------
* MISSING (WHEAT) 
* MISSING (SIGN / SOLID+GROUND) 
* MISSING (WOOD_DOOR / SOLID+GROUND) 
* MISSING (IRON_DOOR / SOLID+GROUND) 
* MISSING (SUGAR_CANE) 
* MISSING (CAKE / SOLID+GROUND) 
* MISSING (BED / SOLID+GROUND) 
* MISSING (DIODE) 
* MISSING (NETHER_STALK) 
* MISSING (BREWING_STAND_ITEM / SOLID+GROUND) 
* MISSING (CAULDRON_ITEM / SOLID+GROUND) 
* MISSING (FLOWER_POT_ITEM) 
* MISSING (SKULL_ITEM) 
* MISSING (REDSTONE_COMPARATOR) 
* MISSING (BANNER / SOLID+GROUND) 
* MISSING (SPRUCE_DOOR_ITEM / SOLID+GROUND) 
* MISSING (BIRCH_DOOR_ITEM / SOLID+GROUND) 
* MISSING (JUNGLE_DOOR_ITEM / SOLID+GROUND) 
* MISSING (ACACIA_DOOR_ITEM / SOLID+GROUND) 
* MISSING (DARK_OAK_DOOR_ITEM / SOLID+GROUND) 
25-05-07 21:26:51 [INFO] Post-enable running...
25-05-07 21:26:51 [INFO] Post-enable finished.
25-05-07 21:26:53 [INFO] ---- Version information ----
#### Server ####
1.21.3-63-4190ee7 ~MC: 1.21.3~
  detected: 1.21.3
#### NoCheatPlus ####
Plugin: 3.16.0-RC-sMD5NET-b1134
MCAccess: 1.4.6-1.11.2|? / Bukkit-API
Features:
  blocks: BlocksMC1_4 | BlocksMC1_5 | BlocksMC1_6_1 | BlocksMC1_7_2 | BlocksMC1_8 | BlocksMC1_9 | BlocksMC1_10 | BlocksMC1_11 | BlocksMC1_12
  checks: FastConsume | Gutenberg | HotFixFallingBlockPortalEnter
  defaults: pvpKnockBackVelocity
Hooks: AllViolations~NCP~ 1.0
#### Related Plugins ####
ProtocolLib v5.4.0-SNAPSHOT-742 | ViaVersion v5.3.2
