[13:46:28] [ServerMain/INFO]: [bootstrap] Running Java 21 (OpenJDK 64-Bit Server VM 21.0.7+6-Ubuntu-0ubuntu120.04; Ubuntu null) on Linux 6.8.0-1026-azure (amd64)
[13:46:28] [ServerMain/INFO]: [bootstrap] Loading Paper 1.21.3-63-master@4190ee7 (2024-11-25T18:59:19Z) for Minecraft 1.21.3
[13:46:28] [ServerMain/INFO]: [PluginInitializerManager] Initializing plugins...
[13:46:33] [ServerMain/INFO]: [PluginInitializerManager] Initialized 13 plugins
[13:46:33] [ServerMain/INFO]: [PluginInitializerManager] Bukkit plugins (13):
 - Chunky (1.4.36), Essentials (2.21.0), GUIAdminToolsFree (3.0.6), LuckPerms (5.4.158), Multiverse-Core (4.3.16), NoCheatPlus (3.16.0-RC-sMD5NET-b1134), ProtocolLib (5.4.0-SNAPSHOT-742), SkinsRestorer (15.6.2), ViaVersion (5.3.2), WorldEdit (7.3.12-beta-02+ac380ad), WorldGuard (7.0.12+829a4a4), nAntiBot (6.1.31), nLogin (10.4.22)
[13:46:41] [ServerMain/INFO]: Environment: Environment[sessionHost=https://sessionserver.mojang.com, servicesHost=https://api.minecraftservices.com, name=PROD]
[13:46:45] [ServerMain/INFO]: Loaded 1337 recipes
[13:46:45] [ServerMain/INFO]: Loaded 1448 advancements
[13:46:45] [Server thread/INFO]: Starting minecraft server version 1.21.3
[13:46:45] [Server thread/INFO]: Loading properties
[13:46:45] [Server thread/INFO]: This server is running Paper version 1.21.3-63-master@4190ee7 (2024-11-25T18:59:19Z) (Implementing API version 1.21.3-R0.1-SNAPSHOT)
[13:46:47] [Server thread/INFO]: [spark] This server bundles the spark profiler. For more information please visit https://docs.papermc.io/paper/profiling
[13:46:47] [Server thread/INFO]: Server Ping Player Sample Count: 12
[13:46:47] [Server thread/INFO]: Using 4 threads for Netty based IO
[13:46:48] [Server thread/INFO]: [MoonriseCommon] Paper is using 1 worker threads, 1 I/O threads
[13:46:48] [Server thread/INFO]: [ChunkTaskScheduler] Chunk system is using population gen parallelism: true
[13:46:49] [Server thread/INFO]: Default game type: SURVIVAL
[13:46:49] [Server thread/INFO]: Generating keypair
[13:46:49] [Server thread/INFO]: Starting Minecraft server on *:25565
[13:46:49] [Server thread/INFO]: Using epoll channel type
[13:46:49] [Server thread/INFO]: Paper: Using libdeflate (Linux x86_64) compression from Velocity.
[13:46:49] [Server thread/INFO]: Paper: Using OpenSSL 1.1.x (Linux x86_64) cipher from Velocity.
[13:46:51] [Server thread/WARN]: [org.bukkit.craftbukkit.legacy.CraftLegacy] Initializing Legacy Material Support. Unless you have legacy plugins and/or data this is a bug!
[13:47:04] [Server thread/WARN]: Legacy plugin NoCheatPlus v3.16.0-RC-sMD5NET-b1134 does not specify an api-version.
[13:47:04] [Server thread/INFO]: [ViaVersion] Loading server plugin ViaVersion v5.3.2
[13:47:04] [Server thread/INFO]: [ViaVersion] ViaVersion 5.3.2 is now loaded. Registering protocol transformers and injecting...
[13:47:05] [Via-Mappingloader-0/INFO]: [ViaVersion] Loading block connection mappings ...
[13:47:05] [Via-Mappingloader-0/INFO]: [ViaVersion] Using FastUtil Long2ObjectOpenHashMap for block connections
[13:47:05] [Server thread/INFO]: [ProtocolLib] Loading server plugin ProtocolLib v5.4.0-SNAPSHOT-742
[13:47:05] [Server thread/WARN]: [ProtocolLib] Version (MC: 1.21.3) has not yet been tested! Proceed with caution.
[13:47:06] [Server thread/INFO]: [LuckPerms] Loading server plugin LuckPerms v5.4.158
[13:47:06] [Server thread/INFO]: [WorldEdit] Loading server plugin WorldEdit v7.3.12-beta-02+ac380ad
[13:47:07] [Server thread/INFO]: Got request to register class com.sk89q.worldedit.bukkit.BukkitServerInterface with WorldEdit [com.sk89q.worldedit.extension.platform.PlatformManager@6b63e6d]
[13:47:07] [Server thread/INFO]: [nLogin] Loading server plugin nLogin v10.4.22
[13:47:08] [Server thread/INFO]: [Multiverse-Core] Loading server plugin Multiverse-Core v4.3.16
[13:47:08] [Server thread/INFO]: [Essentials] Loading server plugin Essentials v2.21.0
[13:47:08] [Server thread/INFO]: [SkinsRestorer] Loading server plugin SkinsRestorer v15.6.2
[13:47:08] [Server thread/INFO]: [WorldGuard] Loading server plugin WorldGuard v7.0.12+829a4a4
[13:47:08] [Server thread/INFO]: [Chunky] Loading server plugin Chunky v1.4.36
[13:47:08] [Server thread/INFO]: [NoCheatPlus] Loading server plugin NoCheatPlus v3.16.0-RC-sMD5NET-b1134
[13:47:08] [Server thread/INFO]: [NoCheatPlus] onLoad: Early set up of static API, configuration, logging.
[13:47:08] [Server thread/INFO]: [NoCheatPlus] Logging system initialized.
[13:47:08] [Server thread/INFO]: [NoCheatPlus] Detected Minecraft version: 1.21.3
[13:47:08] [Server thread/INFO]: [nAntiBot] Loading server plugin nAntiBot v6.1.31
[13:47:09] [Server thread/INFO]: [GUIAdminToolsFree] Loading server plugin GUIAdminToolsFree v3.0.6
[13:47:09] [Server thread/INFO]: Server permissions file permissions.yml is empty, ignoring it
[13:47:09] [Server thread/INFO]: [ProtocolLib] Enabling ProtocolLib v5.4.0-SNAPSHOT-742
[13:47:09] [Server thread/INFO]: [LuckPerms] Enabling LuckPerms v5.4.158
[13:47:10] [Server thread/INFO]:         __    
[13:47:10] [Server thread/INFO]:   |    |__)   LuckPerms v5.4.158
[13:47:10] [Server thread/INFO]:   |___ |      Running on Bukkit - Paper
[13:47:10] [Server thread/INFO]: 
[13:47:10] [Server thread/INFO]: [LuckPerms] Loading configuration...
[13:47:10] [Server thread/INFO]: [LuckPerms] Loading storage provider... [H2]
[13:47:10] [Server thread/INFO]: [LuckPerms] Loading internal permission managers...
[13:47:11] [Server thread/INFO]: [LuckPerms] Performing initial data load...
[13:47:11] [Server thread/INFO]: [LuckPerms] Successfully enabled. (took 1668ms)
[13:47:11] [Server thread/INFO]: [WorldEdit] Enabling WorldEdit v7.3.12-beta-02+ac380ad
[13:47:11] [Server thread/INFO]: Registering commands with com.sk89q.worldedit.bukkit.BukkitServerInterface
[13:47:11] [Server thread/INFO]: WEPIF: Using the Bukkit Permissions API.
[13:47:11] [Server thread/INFO]: Using com.sk89q.worldedit.bukkit.adapter.impl.v1_21_3.PaperweightAdapter as the Bukkit adapter
[13:47:12] [Server thread/INFO]: [nLogin] Enabling nLogin v10.4.22
[13:47:13] [Server thread/INFO]: [nLogin] Successful plugin core start (took 0.39s)
[13:47:13] [Server thread/INFO]:           __             _       
[13:47:13] [Server thread/INFO]:   _ __   / /  ___   __ _(_)_ __  
[13:47:13] [Server thread/INFO]:  | '_ \ / /  / _ \ / _` | | '_ \ 
[13:47:13] [Server thread/INFO]:  | | | / /__| (_) | (_| | | | | |
[13:47:13] [Server thread/INFO]:  |_| |_\____/\___/ \__, |_|_| |_|
[13:47:13] [Server thread/INFO]:                   |___/            
[13:47:13] [Server thread/INFO]:  By: www.nickuc.com - V 10.4.23 DEVELOPMENT
[13:47:13] [Server thread/INFO]:  
[13:47:14] [Server thread/INFO]: [SkinsRestorer] Enabling SkinsRestorer v15.6.2
[13:47:15] [Server thread/WARN]: [SkinsRestorer] You must agree to the rules at 'commands.perSkinPermissionsConsent' in the config to use per skin permissions.
[13:47:15] [Server thread/INFO]: [SkinsRestorer] Running on Minecraft 1.21.3.
[13:47:15] [Server thread/INFO]: [SkinsRestorer] Using paper join listener!
[13:47:15] [Server thread/INFO]: [nAntiBot] Enabling nAntiBot v6.1.31
[13:47:15] [Folia Async Scheduler Thread #3/INFO]: [SkinsRestorer] ----------------------------------------------
[13:47:15] [Folia Async Scheduler Thread #3/INFO]: [SkinsRestorer]     +==================+
[13:47:15] [Folia Async Scheduler Thread #3/INFO]: [SkinsRestorer]     |   SkinsRestorer  |
[13:47:15] [Folia Async Scheduler Thread #3/INFO]: [SkinsRestorer]     |------------------|
[13:47:15] [Folia Async Scheduler Thread #3/INFO]: [SkinsRestorer]     |  Standalone Mode |
[13:47:15] [Folia Async Scheduler Thread #3/INFO]: [SkinsRestorer]     +==================+
[13:47:15] [Folia Async Scheduler Thread #3/INFO]: [SkinsRestorer] ----------------------------------------------
[13:47:15] [Folia Async Scheduler Thread #3/INFO]: [SkinsRestorer]     Version: 15.6.2
[13:47:15] [Folia Async Scheduler Thread #3/INFO]: [SkinsRestorer]     Commit: 7bda5de
[13:47:15] [Folia Async Scheduler Thread #3/INFO]: [SkinsRestorer]     This is the latest version!
[13:47:15] [Folia Async Scheduler Thread #3/INFO]: [SkinsRestorer] ----------------------------------------------
[13:47:15] [Folia Async Scheduler Thread #3/INFO]: [SkinsRestorer] Do you have issues? Read our troubleshooting guide: https://skinsrestorer.net/docs/troubleshooting
[13:47:15] [Folia Async Scheduler Thread #3/INFO]: [SkinsRestorer] Want to support SkinsRestorer? Consider donating: https://skinsrestorer.net/donate
[13:47:16] [Server thread/INFO]: [nAntiBot] Successful plugin core start (took 0.35s)
[13:47:16] [Server thread/INFO]:           _         _   _   ___       _   
[13:47:16] [Server thread/INFO]:   _ __   /_\  _ __ | |_(_) / __\ ___ | |_ 
[13:47:16] [Server thread/INFO]:  | '_ \ //_\\| '_ \| __| |/__\/// _ \| __|
[13:47:16] [Server thread/INFO]:  | | | /  _  \ | | | |_| / \/  \ (_) | |_ 
[13:47:16] [Server thread/INFO]:  |_| |_\_/ \_/_| |_|\__|_\_____/\___/ \__|
[13:47:16] [Server thread/INFO]:                                          
[13:47:16] [Server thread/INFO]:  By: www.nickuc.com - V 6.1.31
[13:47:16] [Server thread/INFO]: 
[13:47:17] [Folia Async Scheduler Thread #3/INFO]: [nAntiBot] Connecting to the remote server antibot.nickuc.com...
[13:47:17] [Server thread/WARN]: **** SERVER IS RUNNING IN OFFLINE/INSECURE MODE!
[13:47:17] [Server thread/WARN]: The server will make no attempt to authenticate usernames. Beware.
[13:47:17] [Server thread/WARN]: While this makes the game possible to play without internet access, it also opens up the ability for hackers to connect with any username they choose.
[13:47:17] [Server thread/WARN]: To change this, set "online-mode" to "true" in the server.properties file.
[13:47:17] [Server thread/INFO]: Preparing level "world"
[13:47:18] [Server thread/INFO]: Preparing start region for dimension minecraft:overworld
[13:47:18] [Paper Common Worker #0/INFO]: [MCTypeRegistry] Initialising converters for DataConverter...
[13:47:19] [Paper Common Worker #0/INFO]: [MCTypeRegistry] Finished initialising converters for DataConverter in 916.7ms
[13:47:20] [Server thread/INFO]: Preparing spawn area: 0%
[13:47:20] [Server thread/INFO]: Preparing spawn area: 0%
[13:47:20] [Server thread/INFO]: Preparing spawn area: 0%
[13:47:20] [Server thread/INFO]: Preparing spawn area: 0%
[13:47:21] [Server thread/INFO]: Preparing spawn area: 0%
[13:47:21] [Server thread/INFO]: Preparing spawn area: 0%
[13:47:21] [Server thread/INFO]: Time elapsed: 2821 ms
[13:47:21] [Server thread/INFO]: Preparing start region for dimension minecraft:the_nether
[13:47:21] [Server thread/INFO]: Preparing spawn area: 0%
[13:47:21] [Server thread/INFO]: Time elapsed: 365 ms
[13:47:21] [Server thread/INFO]: Preparing start region for dimension minecraft:the_end
[13:47:21] [Server thread/INFO]: Preparing spawn area: 0%
[13:47:21] [Server thread/INFO]: Time elapsed: 204 ms
[13:47:21] [Server thread/INFO]: [ViaVersion] Enabling ViaVersion v5.3.2
[13:47:21] [Server thread/INFO]: [ViaVersion] ViaVersion detected server version: 1.21.2-1.21.3 (768)
[13:47:22] [Server thread/INFO]: [Multiverse-Core] Enabling Multiverse-Core v4.3.16
[13:47:22] [Server thread/WARN]: [Multiverse-Core] "Multiverse-Core v4.3.16" has registered a listener for org.bukkit.event.entity.EntityCreatePortalEvent on method "public void com.onarandombox.MultiverseCore.listeners.MVPortalListener.entityPortalCreate(org.bukkit.event.entity.EntityCreatePortalEvent)", but the event is Deprecated. "Server performance will be affected"; please notify the authors [dumptruckman, Rigby, fernferret, lithium3141, main--].
[13:47:22] [Server thread/INFO]: [Multiverse-Core] §aWe are aware of the warning about the deprecated event. There is no alternative that allows us to do what we need to do and performance impact is negligible. It is safe to ignore.
[13:47:22] [Server thread/INFO]: Preparing start region for dimension minecraft:spawn
[13:47:22] [Server thread/INFO]: Preparing spawn area: 0%
[13:47:22] [Server thread/INFO]: Preparing spawn area: 53%
[13:47:22] [Server thread/INFO]: Time elapsed: 563 ms
[13:47:22] [Server thread/INFO]: [Multiverse-Core] 4 - World(s) loaded.
[13:47:22] [Server thread/WARN]: [Multiverse-Core] Buscript failed to load! The script command will be disabled! If you would like not to see this message, use `/mv conf enablebuscript false` to disable Buscript from loading.
[13:47:22] [Server thread/INFO]: [Multiverse-Core] Version 4.3.16 (API v24) Enabled - By dumptruckman, Rigby, fernferret, lithium3141 and main--
[13:47:22] [Server thread/INFO]: [Essentials] Enabling Essentials v2.21.0
[13:47:23] [Server thread/ERROR]: [Essentials] You are running an unsupported server version!
[13:47:23] [Server thread/INFO]: [Essentials] Attempting to convert old kits in config.yml to new kits.yml
[13:47:23] [Server thread/INFO]: [Essentials] No kits found to migrate.
[13:47:23] [Server thread/INFO]: [Essentials] Selected 1.20.5+ Banner Data Provider as the provider for BannerDataProvider
[13:47:23] [Server thread/INFO]: [Essentials] Selected Paper Biome Key Provider as the provider for BiomeKeyProvider
[13:47:23] [Server thread/INFO]: [Essentials] Selected 1.12.2+ Player Locale Provider as the provider for PlayerLocaleProvider
[13:47:23] [Server thread/INFO]: [Essentials] Selected Reflection Formatted Command Alias Provider as the provider for FormattedCommandAliasProvider
[13:47:23] [Server thread/INFO]: [Essentials] Selected Paper Container Provider as the provider for ContainerProvider
[13:47:23] [Server thread/INFO]: [Essentials] Selected 1.20.6+ Potion Meta Provider as the provider for PotionMetaProvider
[13:47:23] [Server thread/INFO]: [Essentials] Selected Paper Material Tag Provider as the provider for MaterialTagProvider
[13:47:23] [Server thread/INFO]: [Essentials] Selected 1.13+ Spawn Egg Provider as the provider for SpawnEggProvider
[13:47:23] [Server thread/INFO]: [Essentials] Selected Paper Serialization Provider as the provider for SerializationProvider
[13:47:23] [Server thread/INFO]: [Essentials] Selected Paper Known Commands Provider as the provider for KnownCommandsProvider
[13:47:23] [Server thread/INFO]: [Essentials] Selected 1.20.4+ Damage Event Provider as the provider for DamageEventProvider
[13:47:23] [Server thread/INFO]: [Essentials] Selected 1.21+ InventoryView Interface ABI Provider as the provider for InventoryViewProvider
[13:47:23] [Server thread/INFO]: [Essentials] Selected 1.21.4+ Sync Commands Provider as the provider for SyncCommandsProvider
[13:47:23] [Server thread/INFO]: [Essentials] Selected Paper Tick Count Provider as the provider for TickCountProvider
[13:47:23] [Server thread/INFO]: [Essentials] Selected 1.11+ Item Unbreakable Provider as the provider for ItemUnbreakableProvider
[13:47:23] [Server thread/INFO]: [Essentials] Selected 1.14+ Sign Data Provider as the provider for SignDataProvider
[13:47:23] [Server thread/INFO]: [Essentials] Selected 1.17.1+ World Info Provider as the provider for WorldInfoProvider
[13:47:23] [Server thread/INFO]: [Essentials] Selected Reflection Online Mode Provider as the provider for OnlineModeProvider
[13:47:23] [Server thread/INFO]: [Essentials] Selected Paper Server State Provider as the provider for ServerStateProvider
[13:47:23] [Server thread/INFO]: [Essentials] Selected 1.8.3+ Spawner Item Provider as the provider for SpawnerItemProvider
[13:47:23] [Server thread/INFO]: [Essentials] Selected 1.12+ Spawner Block Provider as the provider for SpawnerBlockProvider
[13:47:23] [Server thread/INFO]: [Essentials] Selected 1.14.4+ Persistent Data Container Provider as the provider for PersistentDataProvider
[13:47:24] [Server thread/INFO]: [Essentials] Loaded 43465 items from items.json.
[13:47:24] [Server thread/INFO]: [Essentials] Using locale en
[13:47:24] [Server thread/INFO]: [Essentials] ServerListPingEvent: Spigot iterator API
[13:47:24] [Server thread/INFO]: [Essentials] Starting Metrics. Opt-out using the global bStats config.
[13:47:24] [Server thread/WARN]: [Essentials] Detected supported permissions plugin LuckPerms without Vault installed.
[13:47:24] [Server thread/WARN]: [Essentials] Features such as chat prefixes/suffixes and group-related functionality will not work until you install Vault.
[13:47:24] [Server thread/INFO]: [Essentials] Using superperms-based permissions.
[13:47:24] [Server thread/INFO]: [WorldGuard] Enabling WorldGuard v7.0.12+829a4a4
[13:47:25] [Server thread/INFO]: [WorldGuard] (world) TNT ignition is PERMITTED.
[13:47:25] [Server thread/INFO]: [WorldGuard] (world) Lighters are PERMITTED.
[13:47:25] [Server thread/INFO]: [WorldGuard] (world) Lava fire is PERMITTED.
[13:47:25] [Server thread/INFO]: [WorldGuard] (world) Fire spread is UNRESTRICTED.
[13:47:25] [Server thread/INFO]: [WorldGuard] Loaded configuration for world 'world'
[13:47:25] [Server thread/INFO]: [WorldGuard] (world_nether) TNT ignition is PERMITTED.
[13:47:25] [Server thread/INFO]: [WorldGuard] (world_nether) Lighters are PERMITTED.
[13:47:25] [Server thread/INFO]: [WorldGuard] (world_nether) Lava fire is PERMITTED.
[13:47:25] [Server thread/INFO]: [WorldGuard] (world_nether) Fire spread is UNRESTRICTED.
[13:47:25] [Server thread/INFO]: [WorldGuard] Loaded configuration for world 'world_nether'
[13:47:25] [Server thread/INFO]: [WorldGuard] (world_the_end) TNT ignition is PERMITTED.
[13:47:25] [Server thread/INFO]: [WorldGuard] (world_the_end) Lighters are PERMITTED.
[13:47:25] [Server thread/INFO]: [WorldGuard] (world_the_end) Lava fire is PERMITTED.
[13:47:25] [Server thread/INFO]: [WorldGuard] (world_the_end) Fire spread is UNRESTRICTED.
[13:47:25] [Server thread/INFO]: [WorldGuard] Loaded configuration for world 'world_the_end'
[13:47:25] [Server thread/INFO]: [WorldGuard] (spawn) TNT ignition is PERMITTED.
[13:47:25] [Server thread/INFO]: [WorldGuard] (spawn) Lighters are PERMITTED.
[13:47:25] [Server thread/INFO]: [WorldGuard] (spawn) Lava fire is PERMITTED.
[13:47:25] [Server thread/INFO]: [WorldGuard] (spawn) Fire spread is UNRESTRICTED.
[13:47:25] [Server thread/INFO]: [WorldGuard] Loaded configuration for world 'spawn'
[13:47:25] [Server thread/INFO]: [WorldGuard] Loading region data...
[13:47:25] [Server thread/INFO]: [Chunky] Enabling Chunky v1.4.36
[13:47:25] [Server thread/INFO]: [NoCheatPlus] Enabling NoCheatPlus v3.16.0-RC-sMD5NET-b1134*
[13:47:25] [Server thread/WARN]: [NoCheatPlus] Running in Bukkit-API-only mode (1.21.3-63-4190ee7 (MC: 1.21.3)). If this is not intended, please check for updates and consider to request support.
[13:47:25] [Server thread/WARN]: [NoCheatPlus]  Check for updates and support at BukkitDev: https://dev.bukkit.org/server-mods/nocheatplus/
[13:47:25] [Server thread/WARN]: [NoCheatPlus]  Development builds (unsupported by the Bukkit Staff, use at your own risk): https://ci.md-5.net/job/NoCheatPlus/changes
[13:47:25] [Server thread/WARN]: [NoCheatPlus] Bukkit-API-only mode: Some features will likely not function properly, performance might suffer.
[13:47:26] [Server thread/INFO]: [NoCheatPlus] McAccess set to: 1.4.6-1.11.2|? / Bukkit-API
[13:47:26] [Server thread/INFO]: [NoCheatPlus] Added block-info for Minecraft 1.5 blocks.
[13:47:26] [Server thread/INFO]: [NoCheatPlus] Added block-info for Minecraft 1.6.1 blocks.
[13:47:26] [Server thread/INFO]: [NoCheatPlus] Added block-info for Minecraft 1.7.2 blocks.
[13:47:26] [Server thread/INFO]: [NoCheatPlus] Added block-info for Minecraft 1.8 blocks.
[13:47:26] [Server thread/INFO]: [NoCheatPlus] Added block-info for Minecraft 1.9 blocks.
[13:47:26] [Server thread/INFO]: [NoCheatPlus] Added block-info for Minecraft 1.10 blocks.
[13:47:26] [Server thread/INFO]: [NoCheatPlus] Added block-info for Minecraft 1.11 blocks.
[13:47:26] [Server thread/INFO]: [NoCheatPlus] Added block-info for Minecraft 1.12 blocks.
[13:47:26] [Server thread/INFO]: [NoCheatPlus] Update block-info: WATER_LILY block shape patch for multi client protocol support around 1.7.x - 1.11.x.
[13:47:26] [Server thread/INFO]: [NoCheatPlus] Inventory checks: FastConsume is available, disabled InstantEat.
[13:47:26] [Server thread/WARN]: [NoCheatPlus] Packet level access via ProtocolLib not available, supported configurations:  | ProtocolLib 4.3.0 or later for Minecraft 1.12.x | ProtocolLib 4.2.0 or later for Minecraft 1.11.x | ProtocolLib 4.1 or later for Minecraft 1.8.x to 1.10.x | ProtocolLib 3.7.0 for Minecraft 1.7.x and earlier | ProtocolLib 3.6.6 for PaperSpigot 1.8.x
[13:47:26] [Server thread/INFO]: [NoCheatPlus] Force disable FastHeal on Minecraft 1.9 and later.
[13:47:26] [Server thread/INFO]: [NoCheatPlus] Version 3.16.0-RC-sMD5NET-b1134 is enabled.
[13:47:26] [Server thread/INFO]: [GUIAdminToolsFree] Enabling GUIAdminToolsFree v3.0.6
[13:47:26] [Server thread/INFO]: -----GUI ADMIN TOOLS FREE-----
[13:47:26] [Server thread/INFO]:  
[13:47:26] [Server thread/INFO]: VERSION: 3.0.6
[13:47:26] [Server thread/INFO]:  
[13:47:26] [Server thread/INFO]: LOADING ALL SERVICES...
[13:47:26] [Server thread/INFO]: LOADED ALL SERVICES
[13:47:26] [Server thread/INFO]:  
[13:47:26] [Server thread/INFO]: LOADED METRICS
[13:47:26] [Server thread/INFO]:  
[13:47:26] [Server thread/INFO]: LOADING SOFT DEPENDENCIES...
[13:47:26] [Server thread/INFO]: NO JoinLeaveManager
[13:47:26] [Server thread/INFO]:  
[13:47:26] [Server thread/INFO]: -----GUI ADMIN TOOLS FREE-----
[13:47:26] [Server thread/INFO]: [spark] Starting background profiler...
[13:47:27] [Server thread/INFO]: Done preparing level "world" (9.939s)
[13:47:27] [Server thread/INFO]: Running delayed init tasks
[13:47:27] [Craft Scheduler Thread - 6 - ViaVersion/INFO]: [ViaVersion] Finished mapping loading, shutting down loader executor.
[13:47:27] [Craft Scheduler Thread - 8 - NoCheatPlus/INFO]: [NoCheatPlus] Could not register an instance for: fr.neatmonster.nocheatplus.components.entity.IEntityAccessLastPositionAndLook
[13:47:27] [Craft Scheduler Thread - 8 - NoCheatPlus/INFO]: [NoCheatPlus] Added hook: AllViolations(NCP) [1.0].
[13:47:27] [Craft Scheduler Thread - 7 - Essentials/INFO]: [Essentials] Fetching version information...
[13:47:27] [Server thread/WARN]: [NoCheatPlus] The block breaking data is incomplete, default to allow instant breaking:
--- Missing entries -------------------------------
* MISSING (WHEAT) 
* MISSING (SIGN / SOLID+GROUND) 
* MISSING (WOOD_DOOR / SOLID+GROUND) 
* MISSING (IRON_DOOR / SOLID+GROUND) 
* MISSING (SUGAR_CANE) 
* MISSING (CAKE / SOLID+GROUND) 
* MISSING (BED / SOLID+GROUND) 
* MISSING (DIODE) 
* MISSING (NETHER_STALK) 
* MISSING (BREWING_STAND_ITEM / SOLID+GROUND) 
* MISSING (CAULDRON_ITEM / SOLID+GROUND) 
* MISSING (FLOWER_POT_ITEM) 
* MISSING (SKULL_ITEM) 
* MISSING (REDSTONE_COMPARATOR) 
* MISSING (BANNER / SOLID+GROUND) 
* MISSING (SPRUCE_DOOR_ITEM / SOLID+GROUND) 
* MISSING (BIRCH_DOOR_ITEM / SOLID+GROUND) 
* MISSING (JUNGLE_DOOR_ITEM / SOLID+GROUND) 
* MISSING (ACACIA_DOOR_ITEM / SOLID+GROUND) 
* MISSING (DARK_OAK_DOOR_ITEM / SOLID+GROUND) 
[13:47:27] [Server thread/INFO]: [NoCheatPlus] Post-enable running...
[13:47:27] [Craft Scheduler Thread - 9 - GUIAdminToolsFree/INFO]: There is not a new update available.
[13:47:27] [Server thread/INFO]: [NoCheatPlus] Post-enable finished.
[13:47:27] [Server thread/INFO]: Done (61.629s)! For help, type "help"
[13:47:32] [pool-21-thread-1/INFO]: [nAntiBot] [Captcha] Captchas generated successfully. (RAM usage ≃ 8 MB [static only], total = 500, protocol count = 46, threads = 4, took 16.07s)
